05/02/2018 05:31:00 PM-INFO-|------User Login Interface------
        1: Land
        2: register
        3: Sign out
    
05/02/2018 05:31:12 PM-INFO-|------User Login Interface------
    1: Land
    2: register
    3: Sign out
    
05/02/2018 10:49:37 PM-INFO-|------User Login Interface------
    1: Land
    2: Register
    3: Sign out
    
05/02/2018 10:49:51 PM-INFO-|--Login Success....
05/02/2018 10:49:51 PM-INFO-------Operation instruction------
    1: Uploading files
    2: Download the file
    3: Switch directory operation
    4목View the files under the directory
    5목Sign out
    
05/02/2018 10:50:03 PM-INFO-|--Files under the current directory....
05/02/2018 10:51:22 PM-INFO-|------User Login Interface------
    1: Land
    2: Register
    3: Sign out
    
05/02/2018 10:51:28 PM-INFO-|--Login Success....
05/02/2018 10:51:28 PM-INFO-------Operation instruction------
    1: Uploading files
    2: Download the file
    3: Switch directory operation
    4목View the files under the directory
    5목Sign out
    
05/02/2018 10:51:30 PM-INFO-|--Files under the current directory....
05/02/2018 10:51:30 PM-INFO-1밐alt_demo-openrc.sh
05/02/2018 10:51:30 PM-INFO-2밐id_rsa
05/02/2018 10:51:30 PM-INFO-3밐id_rsa.pub
05/02/2018 10:51:30 PM-INFO-4밐id_rsa1111
05/02/2018 10:51:36 PM-INFO-|--The file upload success....
05/02/2018 10:51:36 PM-INFO-------Operation instruction------
    1: Uploading files
    2: Download the file
    3: Switch directory operation
    4목View the files under the directory
    5목Sign out
    
05/02/2018 10:51:40 PM-INFO-|------User Login Interface------
    1: Land
    2: Register
    3: Sign out
    
05/02/2018 10:52:21 PM-INFO-|------User Login Interface------
    1: Land
    2: Register
    3: Sign out
    
05/02/2018 10:52:34 PM-INFO-|--Login Success....
05/02/2018 10:52:34 PM-INFO-------Operation instruction------
    1: Uploading files
    2: Download the file
    3: Switch directory operation
    4목View the files under the directory
    5목Sign out
    
05/02/2018 10:52:38 PM-INFO-1밐demo-openrc.sh
05/02/2018 10:52:38 PM-INFO-2밐ofile
05/02/2018 10:52:41 PM-INFO-|--Ready to start downloading files....
05/02/2018 10:52:41 PM-INFO-|--The file download success....
05/02/2018 10:52:41 PM-INFO-------Operation instruction------
    1: Uploading files
    2: Download the file
    3: Switch directory operation
    4목View the files under the directory
    5목Sign out
    
05/02/2018 10:54:52 PM-INFO-|------User Login Interface------
    1: Land
    2: Register
    3: Sign out
    
05/02/2018 10:55:00 PM-INFO-|--Login Success....
05/02/2018 10:55:00 PM-INFO-------Operation instruction------
    1: Uploading files
    2: Download the file
    3: Switch directory operation
    4목View the files under the directory
    5목Sign out
    
05/02/2018 10:55:05 PM-INFO-['ls', 'cd']
05/02/2018 10:57:18 PM-INFO-|------User Login Interface------
    1: Land
    2: Register
    3: Sign out
    
05/02/2018 10:57:21 PM-ERROR-|--Input Error....
05/02/2018 10:57:21 PM-INFO-|------User Login Interface------
    1: Land
    2: Register
    3: Sign out
    
05/02/2018 10:57:29 PM-INFO-|--Login Success....
05/02/2018 10:57:29 PM-INFO-------Operation instruction------
    1: Uploading files
    2: Download the file
    3: Switch directory operation
    4목View the files under the directory
    5목Sign out
    
05/02/2018 11:00:16 PM-INFO-|------User Login Interface------
    1: Land
    2: Register
    3: Sign out
    
05/02/2018 11:00:27 PM-INFO-|--Login Success....
05/02/2018 11:00:27 PM-INFO-------Operation instruction------
    1: Uploading files
    2: Download the file
    3: Switch directory operation
    4목View the files under the directory
    5목Sign out
    
05/02/2018 11:01:33 PM-INFO-|------User Login Interface------
    1: Land
    2: Register
    3: Sign out
    
05/02/2018 11:01:39 PM-INFO-|--Login Success....
05/02/2018 11:01:39 PM-INFO-------Operation instruction------
    1: Uploading files
    2: Download the file
    3: Switch directory operation
    4목View the files under the directory
    5목Sign out
    
05/02/2018 11:01:41 PM-INFO-|--The current directory contains the following file content....
05/02/2018 11:01:41 PM-INFO-|--Disk size밐19101kb
05/02/2018 11:01:41 PM-INFO-|--Directory밐[
05/02/2018 11:01:41 PM-INFO-|--Directory밐'
05/02/2018 11:01:41 PM-INFO-|--Directory밐o
05/02/2018 11:01:41 PM-INFO-|--Directory밐t
05/02/2018 11:01:41 PM-INFO-|--Directory밐h
05/02/2018 11:01:41 PM-INFO-|--Directory밐e
05/02/2018 11:01:41 PM-INFO-|--Directory밐r
05/02/2018 11:01:41 PM-INFO-|--Directory밐s
05/02/2018 11:01:41 PM-INFO-|--Directory밐'
05/02/2018 11:01:41 PM-INFO-|--Directory밐]
05/02/2018 11:01:41 PM-INFO-|File밐demo-openrc.sh
05/02/2018 11:01:41 PM-INFO-|File밐ofile
05/02/2018 11:01:41 PM-INFO-------Operation instruction------
    1: Uploading files
    2: Download the file
    3: Switch directory operation
    4목View the files under the directory
    5목Sign out
    
05/02/2018 11:02:31 PM-INFO-['ls', 'cd']
05/02/2018 11:28:12 PM-INFO-|------User Login Interface------
    1: Land
    2: Register
    3: Sign out
    
05/02/2018 11:28:18 PM-INFO-|--Login Success....
05/02/2018 11:28:18 PM-INFO-------Operation instruction------
    1: Uploading files
    2: Download the file
    3: Switch directory operation
    4목View the files under the directory
    5목Sign out
    
05/02/2018 11:28:21 PM-INFO-|--The current directory contains the following file content....
05/02/2018 11:28:21 PM-INFO-|--Disk size밐19101kb
05/02/2018 11:28:21 PM-INFO-|--Directory밐91
05/02/2018 11:28:21 PM-INFO-|--Directory밐39
05/02/2018 11:28:21 PM-INFO-|--Directory밐111
05/02/2018 11:28:21 PM-INFO-|--Directory밐116
05/02/2018 11:28:21 PM-INFO-|--Directory밐104
05/02/2018 11:28:21 PM-INFO-|--Directory밐101
05/02/2018 11:28:21 PM-INFO-|--Directory밐114
05/02/2018 11:28:21 PM-INFO-|--Directory밐115
05/02/2018 11:28:21 PM-INFO-|--Directory밐39
05/02/2018 11:28:21 PM-INFO-|--Directory밐93
05/02/2018 11:28:21 PM-INFO-|File밐demo-openrc.sh
05/02/2018 11:28:21 PM-INFO-|File밐ofile
05/02/2018 11:28:21 PM-INFO-------Operation instruction------
    1: Uploading files
    2: Download the file
    3: Switch directory operation
    4목View the files under the directory
    5목Sign out
    
05/02/2018 11:32:36 PM-INFO-|------User Login Interface------
    1: Land
    2: Register
    3: Sign out
    
05/02/2018 11:32:42 PM-INFO-|--Login Success....
05/02/2018 11:32:42 PM-INFO-------Operation instruction------
    1: Uploading files
    2: Download the file
    3: View the files under the directory
    4: Switch directory operation
    5목Sign out
    
05/02/2018 11:32:54 PM-INFO-|------User Login Interface------
    1: Land
    2: Register
    3: Sign out
    
05/02/2018 11:33:18 PM-INFO-|------User Login Interface------
    1: Land
    2: Register
    3: Sign out
    
05/02/2018 11:33:34 PM-INFO-|--Login Success....
05/02/2018 11:33:34 PM-INFO-------Operation instruction------
    1: Uploading files
    2: Download the file
    3: View the files under the directory
    4: Switch directory operation
    5목Sign out
    
05/02/2018 11:33:37 PM-INFO-['ls', 'cd']
05/02/2018 11:34:04 PM-INFO-|------User Login Interface------
    1: Land
    2: Register
    3: Sign out
    
05/02/2018 11:34:10 PM-INFO-|--Login Success....
05/02/2018 11:34:10 PM-INFO-------Operation instruction------
    1: Uploading files
    2: Download the file
    3: View the files under the directory
    4: Switch directory operation
    5목Sign out
    
05/02/2018 11:35:17 PM-INFO-|------User Login Interface------
    1: Land
    2: Register
    3: Sign out
    
05/02/2018 11:35:24 PM-INFO-|--Login Success....
05/02/2018 11:35:24 PM-INFO-------Operation instruction------
    1: Uploading files
    2: Download the file
    3: View the files under the directory
    4: Switch directory operation
    5목Sign out
    
05/02/2018 11:35:52 PM-INFO-|------User Login Interface------
    1: Land
    2: Register
    3: Sign out
    
05/02/2018 11:35:59 PM-INFO-|--Login Success....
05/02/2018 11:35:59 PM-INFO-------Operation instruction------
    1: Uploading files
    2: Download the file
    3: View the files under the directory
    4: Switch directory operation
    5목Sign out
    
05/02/2018 11:37:33 PM-INFO-|------User Login Interface------
    1: Land
    2: Register
    3: Sign out
    
05/02/2018 11:37:43 PM-INFO-|--Login Success....
05/02/2018 11:37:43 PM-INFO-------Operation instruction------
    1: Uploading files
    2: Download the file
    3: View the files under the directory
    4: Switch directory operation
    5목Sign out
    
05/02/2018 11:37:46 PM-INFO-['ls', 'cd']
05/03/2018 12:26:27 AM-INFO-|------User Login Interface------
    1: Land
    2: Register
    3: Sign out
    
05/03/2018 12:26:34 AM-INFO-|--Login Success....
05/03/2018 12:26:34 AM-INFO-------Operation instruction------
    1: Uploading files
    2: Download the file
    3: View the files under the directory
    4: Switch directory operation
    5목Sign out
    
05/03/2018 12:26:44 AM-INFO-['ls', 'cd']
05/03/2018 12:26:59 AM-INFO-|------User Login Interface------
    1: Land
    2: Register
    3: Sign out
    
05/03/2018 12:27:05 AM-INFO-|--Login Success....
05/03/2018 12:27:05 AM-INFO-------Operation instruction------
    1: Uploading files
    2: Download the file
    3: View the files under the directory
    4: Switch directory operation
    5목Sign out
    
05/03/2018 12:27:09 AM-INFO-|--The current directory contains the following file content....
05/03/2018 12:27:09 AM-INFO-|--Disk size밐19101kb
05/03/2018 12:27:09 AM-INFO-|--Directory밐91
05/03/2018 12:27:09 AM-INFO-|--Directory밐39
05/03/2018 12:27:09 AM-INFO-|--Directory밐111
05/03/2018 12:27:09 AM-INFO-|--Directory밐116
05/03/2018 12:27:09 AM-INFO-|--Directory밐104
05/03/2018 12:27:09 AM-INFO-|--Directory밐101
05/03/2018 12:27:09 AM-INFO-|--Directory밐114
05/03/2018 12:27:09 AM-INFO-|--Directory밐115
05/03/2018 12:27:09 AM-INFO-|--Directory밐39
05/03/2018 12:27:09 AM-INFO-|--Directory밐93
05/03/2018 12:27:09 AM-INFO-|--File밐demo-openrc.sh
05/03/2018 12:27:09 AM-INFO-|--File밐ofile
05/03/2018 12:27:09 AM-INFO-------Operation instruction------
    1: Uploading files
    2: Download the file
    3: View the files under the directory
    4: Switch directory operation
    5목Sign out
    
05/03/2018 12:27:59 AM-INFO-|------User Login Interface------
    1: Land
    2: Register
    3: Sign out
    
05/03/2018 12:28:06 AM-INFO-|--Login Success....
05/03/2018 12:28:06 AM-INFO-------Operation instruction------
    1: Uploading files
    2: Download the file
    3: View the files under the directory
    4: Switch directory operation
    5목Sign out
    
05/03/2018 12:28:15 AM-INFO-|------User Login Interface------
    1: Land
    2: Register
    3: Sign out
    
05/03/2018 12:28:23 AM-INFO-|--Login Success....
05/03/2018 12:28:23 AM-INFO-------Operation instruction------
    1: Uploading files
    2: Download the file
    3: View the files under the directory
    4: Switch directory operation
    5목Sign out
    
05/03/2018 12:28:25 AM-INFO-['ls', 'cd']
05/03/2018 12:28:39 AM-INFO-|------User Login Interface------
    1: Land
    2: Register
    3: Sign out
    
05/03/2018 12:28:48 AM-INFO-|--Login Success....
05/03/2018 12:28:48 AM-INFO-------Operation instruction------
    1: Uploading files
    2: Download the file
    3: View the files under the directory
    4: Switch directory operation
    5목Sign out
    
05/03/2018 12:29:26 AM-INFO-|------User Login Interface------
    1: Land
    2: Register
    3: Sign out
    
05/03/2018 12:29:34 AM-INFO-|--Login Success....
05/03/2018 12:29:34 AM-INFO-------Operation instruction------
    1: Uploading files
    2: Download the file
    3: View the files under the directory
    4: Switch directory operation
    5목Sign out
    
05/03/2018 12:29:46 AM-INFO-|------User Login Interface------
    1: Land
    2: Register
    3: Sign out
    
05/03/2018 12:29:50 AM-INFO-|------User Login Interface------
    1: Land
    2: Register
    3: Sign out
    
05/03/2018 12:29:56 AM-INFO-|--Login Success....
05/03/2018 12:29:56 AM-INFO-------Operation instruction------
    1: Uploading files
    2: Download the file
    3: View the files under the directory
    4: Switch directory operation
    5목Sign out
    
05/03/2018 12:31:14 AM-INFO-|------User Login Interface------
    1: Land
    2: Register
    3: Sign out
    
05/03/2018 12:31:21 AM-INFO-|--Login Success....
05/03/2018 12:31:21 AM-INFO-------Operation instruction------
    1: Uploading files
    2: Download the file
    3: View the files under the directory
    4: Switch directory operation
    5목Sign out
    
05/03/2018 12:31:24 AM-INFO-|--Files under the current directory....
05/03/2018 12:31:24 AM-INFO-1밐alt_demo-openrc.sh
05/03/2018 12:31:24 AM-INFO-2밐id_rsa
05/03/2018 12:31:24 AM-INFO-3밐id_rsa.pub
05/03/2018 12:31:24 AM-INFO-4밐id_rsa1111
05/03/2018 12:31:24 AM-INFO-5밐ofile
05/03/2018 12:31:42 AM-INFO-|------User Login Interface------
    1: Land
    2: Register
    3: Sign out
    
05/03/2018 12:31:57 AM-INFO-|--Login Success....
05/03/2018 12:31:57 AM-INFO-------Operation instruction------
    1: Uploading files
    2: Download the file
    3: View the files under the directory
    4: Switch directory operation
    5목Sign out
    
05/03/2018 12:34:25 AM-INFO-|------User Login Interface------
    1: Land
    2: Register
    3: Sign out
    
05/03/2018 12:34:31 AM-INFO-|--Login Success....
05/03/2018 12:34:31 AM-INFO-------Operation instruction------
    1: Uploading files
    2: Download the file
    3: View the files under the directory
    4: Switch directory operation
    5목Sign out
    
05/03/2018 12:44:55 AM-INFO-|------User Login Interface------
    1: Land
    2: Register
    3: Sign out
    
05/03/2018 12:45:03 AM-INFO-|--Login Success....
05/03/2018 12:45:03 AM-INFO-------Operation instruction------
    1: Uploading files
    2: Download the file
    3: View the files under the directory
    4: Switch directory operation
    5목Sign out
    
05/03/2018 12:45:14 AM-INFO-|------User Login Interface------
    1: Land
    2: Register
    3: Sign out
    
05/03/2018 12:45:20 AM-INFO-|--Login Success....
05/03/2018 12:45:20 AM-INFO-------Operation instruction------
    1: Uploading files
    2: Download the file
    3: View the files under the directory
    4: Switch directory operation
    5목Sign out
    
05/03/2018 12:45:23 AM-INFO-|--The current directory contains the following file content....
05/03/2018 12:45:23 AM-INFO-|--Disk size밐19101kb
05/03/2018 12:45:23 AM-INFO-|--Directory밐91
05/03/2018 12:45:23 AM-INFO-|--Directory밐39
05/03/2018 12:45:23 AM-INFO-|--Directory밐111
05/03/2018 12:45:23 AM-INFO-|--Directory밐116
05/03/2018 12:45:23 AM-INFO-|--Directory밐104
05/03/2018 12:45:23 AM-INFO-|--Directory밐101
05/03/2018 12:45:23 AM-INFO-|--Directory밐114
05/03/2018 12:45:23 AM-INFO-|--Directory밐115
05/03/2018 12:45:23 AM-INFO-|--Directory밐39
05/03/2018 12:45:23 AM-INFO-|--Directory밐93
05/03/2018 12:45:23 AM-INFO-|--File밐demo-openrc.sh
05/03/2018 12:45:23 AM-INFO-|--File밐ofile
05/03/2018 12:45:23 AM-INFO-------Operation instruction------
    1: Uploading files
    2: Download the file
    3: View the files under the directory
    4: Switch directory operation
    5목Sign out
    
05/03/2018 12:45:40 AM-INFO-|------User Login Interface------
    1: Land
    2: Register
    3: Sign out
    
05/03/2018 12:45:47 AM-INFO-|--Login Success....
05/03/2018 12:45:47 AM-INFO-------Operation instruction------
    1: Uploading files
    2: Download the file
    3: View the files under the directory
    4: Switch directory operation
    5목Sign out
    
05/03/2018 12:46:08 AM-INFO-|------User Login Interface------
    1: Land
    2: Register
    3: Sign out
    
05/03/2018 12:46:17 AM-INFO-|--Login Success....
05/03/2018 12:46:17 AM-INFO-------Operation instruction------
    1: Uploading files
    2: Download the file
    3: View the files under the directory
    4: Switch directory operation
    5목Sign out
    
05/03/2018 12:47:11 AM-INFO-|------User Login Interface------
    1: Land
    2: Register
    3: Sign out
    
05/03/2018 12:47:20 AM-ERROR-|--Login Error....
05/03/2018 12:47:20 AM-INFO-|------User Login Interface------
    1: Land
    2: Register
    3: Sign out
    
05/03/2018 12:47:28 AM-ERROR-|--Login Error....
05/03/2018 12:47:28 AM-INFO-|------User Login Interface------
    1: Land
    2: Register
    3: Sign out
    
05/03/2018 12:48:09 AM-INFO-|------User Login Interface------
    1: Land
    2: Register
    3: Sign out
    
05/03/2018 12:48:16 AM-INFO-|--Login Success....
05/03/2018 12:48:16 AM-INFO-------Operation instruction------
    1: Uploading files
    2: Download the file
    3: View the files under the directory
    4: Switch directory operation
    5목Sign out
    
05/07/2018 11:06:35 PM-INFO-|------User Login Interface------
    1: Land
    2: Register
    3: Sign out
    
05/07/2018 11:06:54 PM-INFO-|--Login Success....
05/07/2018 11:06:54 PM-INFO-------Operation instruction------
    1: Uploading files
    2: Download the file
    3: View the files under the directory
    4: Switch directory operation
    5목Sign out
    
05/07/2018 11:25:13 PM-INFO-|------User Login Interface------
    1: Land
    2: Register
    3: Sign out
    
05/07/2018 11:26:46 PM-INFO-|--Login Success....
05/07/2018 11:26:46 PM-INFO-------Operation instruction------
    1: Uploading files
    2: Download the file
    3: View the files under the directory
    4: Switch directory operation
    5목Sign out
    
05/07/2018 11:27:37 PM-INFO-|------User Login Interface------
    1: Land
    2: Register
    3: Sign out
    
